# JRE version: OpenJDK Runtime Environment (11.0.15) (build 11.0.15+0-b2043.56-9505619)
# Java VM: OpenJDK 64-Bit Server VM (11.0.15+0-b2043.56-9505619, mixed mode, tiered, compressed oops, g1 gc, windows-amd64)
Heap:
 garbage-first heap   total 204800K, used 105189K [0x0000000080000000, 0x0000000100000000)
  region size 1024K, 5 young (5120K), 3 survivors (3072K)
 Metaspace       used 56367K, capacity 58008K, committed 58236K, reserved 1099776K
  class space    used 7189K, capacity 7825K, committed 7884K, reserved 1048576K
GC Heap History (20 events):
Event: 18.740 GC heap before
{Heap before GC invocations=36 (full 0):
 garbage-first heap   total 133120K, used 97780K [0x0000000080000000, 0x0000000100000000)
  region size 1024K, 16 young (16384K), 1 survivors (1024K)
 Metaspace       used 45063K, capacity 46426K, committed 46716K, reserved 1089536K
  class space    used 5766K, capacity 6245K, committed 6348K, reserved 1048576K
}
Event: 18.749 GC heap after
{Heap after GC invocations=37 (full 0):
 garbage-first heap   total 133120K, used 84004K [0x0000000080000000, 0x0000000100000000)
  region size 1024K, 2 young (2048K), 2 survivors (2048K)
 Metaspace       used 45063K, capacity 46426K, committed 46716K, reserved 1089536K
  class space    used 5766K, capacity 6245K, committed 6348K, reserved 1048576K
}
Event: 18.969 GC heap before
{Heap before GC invocations=37 (full 0):
 garbage-first heap   total 133120K, used 90148K [0x0000000080000000, 0x0000000100000000)
  region size 1024K, 10 young (10240K), 2 survivors (2048K)
 Metaspace       used 45590K, capacity 46971K, committed 47356K, reserved 1089536K
  class space    used 5824K, capacity 6341K, committed 6476K, reserved 1048576K
}
Event: 18.977 GC heap after
{Heap after GC invocations=38 (full 0):
 garbage-first heap   total 133120K, used 85032K [0x0000000080000000, 0x0000000100000000)
  region size 1024K, 3 young (3072K), 3 survivors (3072K)
 Metaspace       used 45590K, capacity 46971K, committed 47356K, reserved 1089536K
  class space    used 5824K, capacity 6341K, committed 6476K, reserved 1048576K
}
Event: 19.554 GC heap before
{Heap before GC invocations=39 (full 0):
 garbage-first heap   total 133120K, used 100392K [0x0000000080000000, 0x0000000100000000)
  region size 1024K, 17 young (17408K), 3 survivors (3072K)
 Metaspace       used 46727K, capacity 48013K, committed 48124K, reserved 1091584K
  class space    used 5879K, capacity 6388K, committed 6476K, reserved 1048576K
}
Event: 19.567 GC heap after
{Heap after GC invocations=40 (full 0):
 garbage-first heap   total 133120K, used 85737K [0x0000000080000000, 0x0000000100000000)
  region size 1024K, 2 young (2048K), 2 survivors (2048K)
 Metaspace       used 46727K, capacity 48013K, committed 48124K, reserved 1091584K
  class space    used 5879K, capacity 6388K, committed 6476K, reserved 1048576K
}
Event: 20.009 GC heap before
{Heap before GC invocations=40 (full 0):
 garbage-first heap   total 133120K, used 101097K [0x0000000080000000, 0x0000000100000000)
  region size 1024K, 17 young (17408K), 2 survivors (2048K)
 Metaspace       used 47458K, capacity 48841K, committed 49020K, reserved 1091584K
  class space    used 6004K, capacity 6510K, committed 6604K, reserved 1048576K
}
Event: 20.021 GC heap after
{Heap after GC invocations=41 (full 0):
 garbage-first heap   total 159744K, used 86728K [0x0000000080000000, 0x0000000100000000)
  region size 1024K, 3 young (3072K), 3 survivors (3072K)
 Metaspace       used 47458K, capacity 48841K, committed 49020K, reserved 1091584K
  class space    used 6004K, capacity 6510K, committed 6604K, reserved 1048576K
}
Event: 20.594 GC heap before
{Heap before GC invocations=42 (full 0):
 garbage-first heap   total 159744K, used 97992K [0x0000000080000000, 0x0000000100000000)
  region size 1024K, 15 young (15360K), 3 survivors (3072K)
 Metaspace       used 48352K, capacity 49760K, committed 49916K, reserved 1093632K
  class space    used 6153K, capacity 6689K, committed 6732K, reserved 1048576K
}
Event: 20.611 GC heap after
{Heap after GC invocations=43 (full 0):
 garbage-first heap   total 159744K, used 87338K [0x0000000080000000, 0x0000000100000000)
  region size 1024K, 2 young (2048K), 2 survivors (2048K)
 Metaspace       used 48352K, capacity 49760K, committed 49916K, reserved 1093632K
  class space    used 6153K, capacity 6689K, committed 6732K, reserved 1048576K
}
Event: 21.745 GC heap before
{Heap before GC invocations=44 (full 0):
 garbage-first heap   total 159744K, used 120106K [0x0000000080000000, 0x0000000100000000)
  region size 1024K, 29 young (29696K), 2 survivors (2048K)
 Metaspace       used 50244K, capacity 51752K, committed 51836K, reserved 1093632K
  class space    used 6480K, capacity 7056K, committed 7116K, reserved 1048576K
}
Event: 21.763 GC heap after
{Heap after GC invocations=45 (full 0):
 garbage-first heap   total 159744K, used 94580K [0x0000000080000000, 0x0000000100000000)
  region size 1024K, 4 young (4096K), 4 survivors (4096K)
 Metaspace       used 50244K, capacity 51752K, committed 51836K, reserved 1093632K
  class space    used 6480K, capacity 7056K, committed 7116K, reserved 1048576K
}
Event: 23.170 GC heap before
{Heap before GC invocations=45 (full 0):
 garbage-first heap   total 159744K, used 121204K [0x0000000080000000, 0x0000000100000000)
  region size 1024K, 30 young (30720K), 4 survivors (4096K)
 Metaspace       used 51873K, capacity 53368K, committed 53500K, reserved 1095680K
  class space    used 6640K, capacity 7225K, committed 7244K, reserved 1048576K
}
Event: 23.189 GC heap after
{Heap after GC invocations=46 (full 0):
 garbage-first heap   total 159744K, used 95521K [0x0000000080000000, 0x0000000100000000)
  region size 1024K, 3 young (3072K), 3 survivors (3072K)
 Metaspace       used 51873K, capacity 53368K, committed 53500K, reserved 1095680K
  class space    used 6640K, capacity 7225K, committed 7244K, reserved 1048576K
}
Event: 23.943 GC heap before
{Heap before GC invocations=47 (full 0):
 garbage-first heap   total 159744K, used 104737K [0x0000000080000000, 0x0000000100000000)
  region size 1024K, 14 young (14336K), 3 survivors (3072K)
 Metaspace       used 52136K, capacity 53670K, committed 53756K, reserved 1095680K
  class space    used 6650K, capacity 7232K, committed 7244K, reserved 1048576K
}
Event: 23.963 GC heap after
{Heap after GC invocations=48 (full 0):
 garbage-first heap   total 204800K, used 96105K [0x0000000080000000, 0x0000000100000000)
  region size 1024K, 2 young (2048K), 2 survivors (2048K)
 Metaspace       used 52136K, capacity 53670K, committed 53756K, reserved 1095680K
  class space    used 6650K, capacity 7232K, committed 7244K, reserved 1048576K
}
Event: 24.269 GC heap before
{Heap before GC invocations=49 (full 0):
 garbage-first heap   total 204800K, used 99177K [0x0000000080000000, 0x0000000100000000)
  region size 1024K, 5 young (5120K), 2 survivors (2048K)
 Metaspace       used 52239K, capacity 53820K, committed 54140K, reserved 1095680K
  class space    used 6665K, capacity 7306K, committed 7372K, reserved 1048576K
}
Event: 24.280 GC heap after
{Heap after GC invocations=50 (full 0):
 garbage-first heap   total 204800K, used 98427K [0x0000000080000000, 0x0000000100000000)
  region size 1024K, 3 young (3072K), 3 survivors (3072K)
 Metaspace       used 52239K, capacity 53820K, committed 54140K, reserved 1095680K
  class space    used 6665K, capacity 7306K, committed 7372K, reserved 1048576K
}
Event: 24.552 GC heap before
{Heap before GC invocations=51 (full 0):
 garbage-first heap   total 204800K, used 105595K [0x0000000080000000, 0x0000000100000000)
  region size 1024K, 10 young (10240K), 3 survivors (3072K)
 Metaspace       used 52534K, capacity 54108K, committed 54396K, reserved 1095680K
  class space    used 6715K, capacity 7338K, committed 7372K, reserved 1048576K
}
Event: 24.565 GC heap after
{Heap after GC invocations=52 (full 0):
 garbage-first heap   total 204800K, used 102211K [0x0000000080000000, 0x0000000100000000)
  region size 1024K, 5 young (5120K), 5 survivors (5120K)
 Metaspace       used 52534K, capacity 54108K, committed 54396K, reserved 1095680K
  class space    used 6715K, capacity 7338K, committed 7372K, reserved 1048576K
}

