# JRE version: OpenJDK Runtime Environment (11.0.15) (build 11.0.15+0-b2043.56-9505619)
# Java VM: OpenJDK 64-Bit Server VM (11.0.15+0-b2043.56-9505619, mixed mode, tiered, compressed oops, g1 gc, windows-amd64)
Heap:
 garbage-first heap   total 246784K, used 209887K [0x0000000080000000, 0x0000000100000000)
  region size 1024K, 12 young (12288K), 2 survivors (2048K)
 Metaspace       used 111860K, capacity 115192K, committed 115248K, reserved 1148928K
  class space    used 13959K, capacity 15198K, committed 15232K, reserved 1048576K
GC Heap History (20 events):
Event: 265.767 GC heap before
{Heap before GC invocations=146 (full 0):
 garbage-first heap   total 245760K, used 212462K [0x0000000080000000, 0x0000000100000000)
  region size 1024K, 27 young (27648K), 4 survivors (4096K)
 Metaspace       used 106489K, capacity 109703K, committed 110000K, reserved 1144832K
  class space    used 13339K, capacity 14523K, committed 14592K, reserved 1048576K
}
Event: 265.799 GC heap after
{Heap after GC invocations=147 (full 0):
 garbage-first heap   total 245760K, used 191724K [0x0000000080000000, 0x0000000100000000)
  region size 1024K, 2 young (2048K), 2 survivors (2048K)
 Metaspace       used 106489K, capacity 109703K, committed 110000K, reserved 1144832K
  class space    used 13339K, capacity 14523K, committed 14592K, reserved 1048576K
}
Event: 266.283 GC heap before
{Heap before GC invocations=147 (full 0):
 garbage-first heap   total 245760K, used 194796K [0x0000000080000000, 0x0000000100000000)
  region size 1024K, 6 young (6144K), 2 survivors (2048K)
 Metaspace       used 106904K, capacity 110112K, committed 110256K, reserved 1144832K
  class space    used 13394K, capacity 14532K, committed 14592K, reserved 1048576K
}
Event: 266.295 GC heap after
{Heap after GC invocations=148 (full 0):
 garbage-first heap   total 245760K, used 192182K [0x0000000080000000, 0x0000000100000000)
  region size 1024K, 1 young (1024K), 1 survivors (1024K)
 Metaspace       used 106904K, capacity 110112K, committed 110256K, reserved 1144832K
  class space    used 13394K, capacity 14532K, committed 14592K, reserved 1048576K
}
Event: 268.051 GC heap before
{Heap before GC invocations=149 (full 0):
 garbage-first heap   total 245760K, used 209590K [0x0000000080000000, 0x0000000100000000)
  region size 1024K, 17 young (17408K), 1 survivors (1024K)
 Metaspace       used 108523K, capacity 111732K, committed 112048K, reserved 1146880K
  class space    used 13594K, capacity 14733K, committed 14848K, reserved 1048576K
}
Event: 268.074 GC heap after
{Heap after GC invocations=150 (full 0):
 garbage-first heap   total 245760K, used 198847K [0x0000000080000000, 0x0000000100000000)
  region size 1024K, 3 young (3072K), 3 survivors (3072K)
 Metaspace       used 108523K, capacity 111732K, committed 112048K, reserved 1146880K
  class space    used 13594K, capacity 14733K, committed 14848K, reserved 1048576K
}
Event: 269.527 GC heap before
{Heap before GC invocations=150 (full 0):
 garbage-first heap   total 245760K, used 208063K [0x0000000080000000, 0x0000000100000000)
  region size 1024K, 12 young (12288K), 3 survivors (3072K)
 Metaspace       used 108953K, capacity 112144K, committed 112304K, reserved 1146880K
  class space    used 13645K, capacity 14807K, committed 14848K, reserved 1048576K
}
Event: 269.556 GC heap after
{Heap after GC invocations=151 (full 0):
 garbage-first heap   total 245760K, used 204800K [0x0000000080000000, 0x0000000100000000)
  region size 1024K, 2 young (2048K), 2 survivors (2048K)
 Metaspace       used 108953K, capacity 112144K, committed 112304K, reserved 1146880K
  class space    used 13645K, capacity 14807K, committed 14848K, reserved 1048576K
}
Event: 273.421 GC heap before
{Heap before GC invocations=151 (full 0):
 garbage-first heap   total 245760K, used 215040K [0x0000000080000000, 0x0000000100000000)
  region size 1024K, 12 young (12288K), 2 survivors (2048K)
 Metaspace       used 109296K, capacity 112498K, committed 112560K, reserved 1146880K
  class space    used 13685K, capacity 14840K, committed 14848K, reserved 1048576K
}
Event: 273.461 GC heap after
{Heap after GC invocations=152 (full 0):
 garbage-first heap   total 245760K, used 207360K [0x0000000080000000, 0x0000000100000000)
  region size 1024K, 2 young (2048K), 2 survivors (2048K)
 Metaspace       used 109296K, capacity 112498K, committed 112560K, reserved 1146880K
  class space    used 13685K, capacity 14840K, committed 14848K, reserved 1048576K
}
Event: 285.233 GC heap before
{Heap before GC invocations=153 (full 0):
 garbage-first heap   total 245760K, used 217600K [0x0000000080000000, 0x0000000100000000)
  region size 1024K, 12 young (12288K), 2 survivors (2048K)
 Metaspace       used 109464K, capacity 112672K, committed 112944K, reserved 1146880K
  class space    used 13699K, capacity 14854K, committed 14976K, reserved 1048576K
}
Event: 285.260 GC heap after
{Heap after GC invocations=154 (full 0):
 garbage-first heap   total 245760K, used 211591K [0x0000000080000000, 0x0000000100000000)
  region size 1024K, 2 young (2048K), 2 survivors (2048K)
 Metaspace       used 109464K, capacity 112672K, committed 112944K, reserved 1146880K
  class space    used 13699K, capacity 14854K, committed 14976K, reserved 1048576K
}
Event: 288.218 GC heap before
{Heap before GC invocations=154 (full 0):
 garbage-first heap   total 245760K, used 238215K [0x0000000080000000, 0x0000000100000000)
  region size 1024K, 12 young (12288K), 2 survivors (2048K)
 Metaspace       used 109890K, capacity 113160K, committed 113456K, reserved 1148928K
  class space    used 13754K, capacity 14924K, committed 14976K, reserved 1048576K
}
Event: 288.250 GC heap after
{Heap after GC invocations=155 (full 0):
 garbage-first heap   total 246784K, used 214376K [0x0000000080000000, 0x0000000100000000)
  region size 1024K, 2 young (2048K), 2 survivors (2048K)
 Metaspace       used 109890K, capacity 113160K, committed 113456K, reserved 1148928K
  class space    used 13754K, capacity 14924K, committed 14976K, reserved 1048576K
}
Event: 290.869 GC heap before
{Heap before GC invocations=155 (full 0):
 garbage-first heap   total 246784K, used 223592K [0x0000000080000000, 0x0000000100000000)
  region size 1024K, 12 young (12288K), 2 survivors (2048K)
 Metaspace       used 111175K, capacity 114461K, committed 114608K, reserved 1148928K
  class space    used 13884K, capacity 15092K, committed 15104K, reserved 1048576K
}
Event: 291.828 GC heap after
{Heap after GC invocations=156 (full 0):
 garbage-first heap   total 246784K, used 215490K [0x0000000080000000, 0x0000000100000000)
  region size 1024K, 1 young (1024K), 1 survivors (1024K)
 Metaspace       used 111175K, capacity 114461K, committed 114608K, reserved 1148928K
  class space    used 13884K, capacity 15092K, committed 15104K, reserved 1048576K
}
Event: 298.731 GC heap before
{Heap before GC invocations=157 (full 0):
 garbage-first heap   total 246784K, used 218562K [0x0000000080000000, 0x0000000100000000)
  region size 1024K, 12 young (12288K), 1 survivors (1024K)
 Metaspace       used 111729K, capacity 115040K, committed 115248K, reserved 1148928K
  class space    used 13946K, capacity 15157K, committed 15232K, reserved 1048576K
}
Event: 298.757 GC heap after
{Heap after GC invocations=158 (full 0):
 garbage-first heap   total 246784K, used 207699K [0x0000000080000000, 0x0000000100000000)
  region size 1024K, 1 young (1024K), 1 survivors (1024K)
 Metaspace       used 111729K, capacity 115040K, committed 115248K, reserved 1148928K
  class space    used 13946K, capacity 15157K, committed 15232K, reserved 1048576K
}
Event: 303.338 GC heap before
{Heap before GC invocations=158 (full 0):
 garbage-first heap   total 246784K, used 217939K [0x0000000080000000, 0x0000000100000000)
  region size 1024K, 12 young (12288K), 1 survivors (1024K)
 Metaspace       used 111846K, capacity 115191K, committed 115248K, reserved 1148928K
  class space    used 13959K, capacity 15198K, committed 15232K, reserved 1048576K
}
Event: 303.357 GC heap after
{Heap after GC invocations=159 (full 0):
 garbage-first heap   total 246784K, used 201695K [0x0000000080000000, 0x0000000100000000)
  region size 1024K, 2 young (2048K), 2 survivors (2048K)
 Metaspace       used 111846K, capacity 115191K, committed 115248K, reserved 1148928K
  class space    used 13959K, capacity 15198K, committed 15232K, reserved 1048576K
}

