# JRE version: OpenJDK Runtime Environment (11.0.15) (build 11.0.15+0-b2043.56-9505619)
# Java VM: OpenJDK 64-Bit Server VM (11.0.15+0-b2043.56-9505619, mixed mode, tiered, compressed oops, g1 gc, windows-amd64)
Heap:
 garbage-first heap   total 254976K, used 165622K [0x0000000080000000, 0x0000000100000000)
  region size 1024K, 3 young (3072K), 3 survivors (3072K)
 Metaspace       used 94321K, capacity 96992K, committed 97020K, reserved 1132544K
  class space    used 12113K, capacity 13123K, committed 13132K, reserved 1048576K
GC Heap History (20 events):
Event: 83.925 GC heap after
{Heap after GC invocations=75 (full 0):
 garbage-first heap   total 211968K, used 157731K [0x0000000080000000, 0x0000000100000000)
  region size 1024K, 4 young (4096K), 4 survivors (4096K)
 Metaspace       used 79461K, capacity 81678K, committed 81916K, reserved 1120256K
  class space    used 10245K, capacity 11083K, committed 11084K, reserved 1048576K
}
Event: 84.212 GC heap before
{Heap before GC invocations=75 (full 0):
 garbage-first heap   total 211968K, used 176163K [0x0000000080000000, 0x0000000100000000)
  region size 1024K, 22 young (22528K), 4 survivors (4096K)
 Metaspace       used 79927K, capacity 82104K, committed 82300K, reserved 1120256K
  class space    used 10294K, capacity 11117K, committed 11212K, reserved 1048576K
}
Event: 84.222 GC heap after
{Heap after GC invocations=76 (full 0):
 garbage-first heap   total 211968K, used 157968K [0x0000000080000000, 0x0000000100000000)
  region size 1024K, 1 young (1024K), 1 survivors (1024K)
 Metaspace       used 79927K, capacity 82104K, committed 82300K, reserved 1120256K
  class space    used 10294K, capacity 11117K, committed 11212K, reserved 1048576K
}
Event: 84.762 GC heap before
{Heap before GC invocations=77 (full 0):
 garbage-first heap   total 211968K, used 177424K [0x0000000080000000, 0x0000000100000000)
  region size 1024K, 20 young (20480K), 1 survivors (1024K)
 Metaspace       used 80515K, capacity 82753K, committed 82812K, reserved 1120256K
  class space    used 10370K, capacity 11184K, committed 11212K, reserved 1048576K
}
Event: 84.770 GC heap after
{Heap after GC invocations=78 (full 0):
 garbage-first heap   total 211968K, used 158100K [0x0000000080000000, 0x0000000100000000)
  region size 1024K, 1 young (1024K), 1 survivors (1024K)
 Metaspace       used 80515K, capacity 82753K, committed 82812K, reserved 1120256K
  class space    used 10370K, capacity 11184K, committed 11212K, reserved 1048576K
}
Event: 85.443 GC heap before
{Heap before GC invocations=78 (full 0):
 garbage-first heap   total 211968K, used 177556K [0x0000000080000000, 0x0000000100000000)
  region size 1024K, 21 young (21504K), 1 survivors (1024K)
 Metaspace       used 80824K, capacity 83061K, committed 83196K, reserved 1122304K
  class space    used 10401K, capacity 11218K, committed 11340K, reserved 1048576K
}
Event: 85.451 GC heap after
{Heap after GC invocations=79 (full 0):
 garbage-first heap   total 211968K, used 158904K [0x0000000080000000, 0x0000000100000000)
  region size 1024K, 2 young (2048K), 2 survivors (2048K)
 Metaspace       used 80824K, capacity 83061K, committed 83196K, reserved 1122304K
  class space    used 10401K, capacity 11218K, committed 11340K, reserved 1048576K
}
Event: 86.395 GC heap before
{Heap before GC invocations=80 (full 0):
 garbage-first heap   total 211968K, used 179384K [0x0000000080000000, 0x0000000100000000)
  region size 1024K, 22 young (22528K), 2 survivors (2048K)
 Metaspace       used 81790K, capacity 84104K, committed 84348K, reserved 1122304K
  class space    used 10520K, capacity 11393K, committed 11468K, reserved 1048576K
}
Event: 86.406 GC heap after
{Heap after GC invocations=81 (full 0):
 garbage-first heap   total 211968K, used 159566K [0x0000000080000000, 0x0000000100000000)
  region size 1024K, 3 young (3072K), 3 survivors (3072K)
 Metaspace       used 81790K, capacity 84104K, committed 84348K, reserved 1122304K
  class space    used 10520K, capacity 11393K, committed 11468K, reserved 1048576K
}
Event: 86.476 GC heap before
{Heap before GC invocations=81 (full 0):
 garbage-first heap   total 211968K, used 159566K [0x0000000080000000, 0x0000000100000000)
  region size 1024K, 5 young (5120K), 3 survivors (3072K)
 Metaspace       used 81985K, capacity 84328K, committed 84604K, reserved 1122304K
  class space    used 10531K, capacity 11425K, committed 11468K, reserved 1048576K
}
Event: 86.485 GC heap after
{Heap after GC invocations=82 (full 0):
 garbage-first heap   total 211968K, used 160236K [0x0000000080000000, 0x0000000100000000)
  region size 1024K, 2 young (2048K), 2 survivors (2048K)
 Metaspace       used 81985K, capacity 84328K, committed 84604K, reserved 1122304K
  class space    used 10531K, capacity 11425K, committed 11468K, reserved 1048576K
}
Event: 87.911 GC heap before
{Heap before GC invocations=83 (full 0):
 garbage-first heap   total 211968K, used 182764K [0x0000000080000000, 0x0000000100000000)
  region size 1024K, 23 young (23552K), 2 survivors (2048K)
 Metaspace       used 84920K, capacity 87333K, committed 87548K, reserved 1124352K
  class space    used 10845K, capacity 11721K, committed 11852K, reserved 1048576K
}
Event: 87.922 GC heap after
{Heap after GC invocations=84 (full 0):
 garbage-first heap   total 211968K, used 160012K [0x0000000080000000, 0x0000000100000000)
  region size 1024K, 2 young (2048K), 2 survivors (2048K)
 Metaspace       used 84920K, capacity 87333K, committed 87548K, reserved 1124352K
  class space    used 10845K, capacity 11721K, committed 11852K, reserved 1048576K
}
Event: 88.689 GC heap before
{Heap before GC invocations=84 (full 0):
 garbage-first heap   total 211968K, used 182540K [0x0000000080000000, 0x0000000100000000)
  region size 1024K, 24 young (24576K), 2 survivors (2048K)
 Metaspace       used 87137K, capacity 89634K, committed 89852K, reserved 1126400K
  class space    used 11185K, capacity 12092K, committed 12108K, reserved 1048576K
}
Event: 88.708 GC heap after
{Heap after GC invocations=85 (full 0):
 garbage-first heap   total 211968K, used 161317K [0x0000000080000000, 0x0000000100000000)
  region size 1024K, 3 young (3072K), 3 survivors (3072K)
 Metaspace       used 87137K, capacity 89634K, committed 89852K, reserved 1126400K
  class space    used 11185K, capacity 12092K, committed 12108K, reserved 1048576K
}
Event: 89.962 GC heap before
{Heap before GC invocations=86 (full 0):
 garbage-first heap   total 211968K, used 183845K [0x0000000080000000, 0x0000000100000000)
  region size 1024K, 25 young (25600K), 3 survivors (3072K)
 Metaspace       used 89973K, capacity 92527K, committed 92668K, reserved 1130496K
  class space    used 11557K, capacity 12499K, committed 12620K, reserved 1048576K
}
Event: 89.984 GC heap after
{Heap after GC invocations=87 (full 0):
 garbage-first heap   total 211968K, used 162544K [0x0000000080000000, 0x0000000100000000)
  region size 1024K, 3 young (3072K), 3 survivors (3072K)
 Metaspace       used 89973K, capacity 92527K, committed 92668K, reserved 1130496K
  class space    used 11557K, capacity 12499K, committed 12620K, reserved 1048576K
}
Event: 90.978 GC heap before
{Heap before GC invocations=87 (full 0):
 garbage-first heap   total 211968K, used 184048K [0x0000000080000000, 0x0000000100000000)
  region size 1024K, 24 young (24576K), 3 survivors (3072K)
 Metaspace       used 91950K, capacity 94666K, committed 94844K, reserved 1130496K
  class space    used 11855K, capacity 12883K, committed 13004K, reserved 1048576K
}
Event: 90.998 GC heap after
{Heap after GC invocations=88 (full 0):
 garbage-first heap   total 211968K, used 163989K [0x0000000080000000, 0x0000000100000000)
  region size 1024K, 3 young (3072K), 3 survivors (3072K)
 Metaspace       used 91950K, capacity 94666K, committed 94844K, reserved 1130496K
  class space    used 11855K, capacity 12883K, committed 13004K, reserved 1048576K
}
Event: 92.406 GC heap before
{Heap before GC invocations=89 (full 0):
 garbage-first heap   total 211968K, used 184469K [0x0000000080000000, 0x0000000100000000)
  region size 1024K, 23 young (23552K), 3 survivors (3072K)
 Metaspace       used 94321K, capacity 96992K, committed 97020K, reserved 1132544K
  class space    used 12113K, capacity 13123K, committed 13132K, reserved 1048576K
}

